<?xml version="1.0" encoding="UTF-8"?>
<testsuite xmlns:xsi="http://www.w3.org/2001/XMLSchema-instance" xsi:noNamespaceSchemaLocation="https://maven.apache.org/surefire/maven-surefire-plugin/xsd/surefire-test-report.xsd" name="TestSuite" time="10.463" tests="5" errors="0" skipped="0" failures="0">
  <properties>
[...]
</properties>
  <testcase name="runScenario" classname="testrunners.TestRunner" time="0.209"/>
  <testcase name="runScenario" classname="testrunners.TestRunner" time="0.005"/>
  <testcase name="runScenario" classname="testrunners.TestRunner" time="0.002"/>
  <testcase name="runScenario" classname="testrunners.TestRunner" time="0.002"/>
  <testcase name="runScenario" classname="testrunners.TestRunner" time="9.429"/>
</testsuite>