<?xml version="1.0" encoding="UTF-8"?>
<testng-results ignored="0" total="5" passed="5" failed="0" skipped="0">
  <reporter-output>
  </reporter-output>
  <suite started-at="2021-02-25T17:26:05Z" name="Automation Test Report" finished-at="2021-02-25T17:26:15Z" duration-ms="9827">
    <groups>
      <group name="cucumber">
        <method signature="AbstractTestNGCucumberTests.runScenario(cucumber.api.testng.PickleEventWrapper, cucumber.api.testng.CucumberFeatureWrapper)[pri:0, instance:testrunners.TestRunner@385e9564]" name="runScenario" class="cucumber.api.testng.AbstractTestNGCucumberTests"/>
      </group> <!-- cucumber -->
    </groups>
    <test started-at="2021-02-25T17:26:05Z" name="Automation Test Report" finished-at="2021-02-25T17:26:15Z" duration-ms="9827">
      <class name="testrunners.TestRunner">
        <test-method is-config="true" signature="setUpClass()[pri:0, instance:testrunners.TestRunner@385e9564]" started-at="2021-02-25T17:26:05Z" name="setUpClass" finished-at="2021-02-25T17:26:05Z" duration-ms="116" status="PASS">
          <reporter-output>
          </reporter-output>
        </test-method> <!-- setUpClass -->
        <test-method signature="runScenario(cucumber.api.testng.PickleEventWrapper, cucumber.api.testng.CucumberFeatureWrapper)[pri:0, instance:testrunners.TestRunner@385e9564]" started-at="2021-02-25T17:26:05Z" name="runScenario" description="Runs Cucumber Scenarios" data-provider="scenarios" finished-at="2021-02-25T17:26:05Z" duration-ms="209" status="PASS">
          <params>
            <param index="0">
              <value>
                <![CDATA["Add two numbers -2 & 3"]]>
              </value>
            </param>
            <param index="1">
              <value>
                <![CDATA["Calculator"]]>
              </value>
            </param>
          </params>
          <reporter-output>
          </reporter-output>
        </test-method> <!-- runScenario -->
        <test-method signature="runScenario(cucumber.api.testng.PickleEventWrapper, cucumber.api.testng.CucumberFeatureWrapper)[pri:0, instance:testrunners.TestRunner@385e9564]" started-at="2021-02-25T17:26:05Z" name="runScenario" description="Runs Cucumber Scenarios" data-provider="scenarios" finished-at="2021-02-25T17:26:05Z" duration-ms="5" status="PASS">
          <params>
            <param index="0">
              <value>
                <![CDATA["Add two numbers 10 & 15"]]>
              </value>
            </param>
            <param index="1">
              <value>
                <![CDATA["Calculator"]]>
              </value>
            </param>
          </params>
          <reporter-output>
          </reporter-output>
        </test-method> <!-- runScenario -->
        <test-method signature="runScenario(cucumber.api.testng.PickleEventWrapper, cucumber.api.testng.CucumberFeatureWrapper)[pri:0, instance:testrunners.TestRunner@385e9564]" started-at="2021-02-25T17:26:05Z" name="runScenario" description="Runs Cucumber Scenarios" data-provider="scenarios" finished-at="2021-02-25T17:26:05Z" duration-ms="3" status="PASS">
          <params>
            <param index="0">
              <value>
                <![CDATA["Add two numbers 99 & -99"]]>
              </value>
            </param>
            <param index="1">
              <value>
                <![CDATA["Calculator"]]>
              </value>
            </param>
          </params>
          <reporter-output>
          </reporter-output>
        </test-method> <!-- runScenario -->
        <test-method signature="runScenario(cucumber.api.testng.PickleEventWrapper, cucumber.api.testng.CucumberFeatureWrapper)[pri:0, instance:testrunners.TestRunner@385e9564]" started-at="2021-02-25T17:26:05Z" name="runScenario" description="Runs Cucumber Scenarios" data-provider="scenarios" finished-at="2021-02-25T17:26:05Z" duration-ms="2" status="PASS">
          <params>
            <param index="0">
              <value>
                <![CDATA["Add two numbers -1 & -10"]]>
              </value>
            </param>
            <param index="1">
              <value>
                <![CDATA["Calculator"]]>
              </value>
            </param>
          </params>
          <reporter-output>
          </reporter-output>
        </test-method> <!-- runScenario -->
        <test-method signature="runScenario(cucumber.api.testng.PickleEventWrapper, cucumber.api.testng.CucumberFeatureWrapper)[pri:0, instance:testrunners.TestRunner@385e9564]" started-at="2021-02-25T17:26:05Z" name="runScenario" description="Runs Cucumber Scenarios" data-provider="scenarios" finished-at="2021-02-25T17:26:15Z" duration-ms="9429" status="PASS">
          <params>
            <param index="0">
              <value>
                <![CDATA["user can login to bank applicaiton"]]>
              </value>
            </param>
            <param index="1">
              <value>
                <![CDATA["Login feature"]]>
              </value>
            </param>
          </params>
          <reporter-output>
          </reporter-output>
        </test-method> <!-- runScenario -->
        <test-method is-config="true" signature="tearDownClass()[pri:0, instance:testrunners.TestRunner@385e9564]" started-at="2021-02-25T17:26:15Z" name="tearDownClass" finished-at="2021-02-25T17:26:15Z" duration-ms="5" status="PASS">
          <reporter-output>
          </reporter-output>
        </test-method> <!-- tearDownClass -->
      </class> <!-- testrunners.TestRunner -->
    </test> <!-- Automation Test Report -->
  </suite> <!-- Automation Test Report -->
</testng-results>
